<?xml version="1.0" encoding="UTF-8"?>
<!-- Generated by org.testng.reporters.JUnitReportReporter -->
<testsuite hostname="LAPTOP-G15D87LQ" failures="0" tests="1" name="RestAssuredAPITesting_BDDapproch.API_BDDapproch.Post_request" time="3.431" errors="0" timestamp="14 Jul 2019 02:15:29 GMT" skipped="0">
  <testcase classname="RestAssuredAPITesting_BDDapproch.API_BDDapproch.Post_request" name="Post" time="3.431"/>
</testsuite> <!-- RestAssuredAPITesting_BDDapproch.API_BDDapproch.Post_request -->
