<?xml version="1.0" encoding="UTF-8"?>
<!-- Generated by org.testng.reporters.JUnitReportReporter -->
<testsuite hostname="LAPTOP-G15D87LQ" failures="0" tests="3" name="RestAssuredAPITesting_BDDapproch.API_BDDapproch.Get_Weatherreport" time="12.911" errors="0" timestamp="17 Jul 2019 14:33:33 GMT" skipped="0">
  <testcase classname="RestAssuredAPITesting_BDDapproch.API_BDDapproch.Get_Weatherreport" name="getweatherDetails" time="11.774"/>
  <testcase classname="RestAssuredAPITesting_BDDapproch.API_BDDapproch.Get_Weatherreport" name="singleuserDetails" time="0.885"/>
  <testcase classname="RestAssuredAPITesting_BDDapproch.API_BDDapproch.Get_Weatherreport" name="resourseDetails" time="0.252"/>
</testsuite> <!-- RestAssuredAPITesting_BDDapproch.API_BDDapproch.Get_Weatherreport -->
